[2021-01-28 09:14:46] app.INFO: Protect vendor folder in module contactform [] []
[2021-01-28 09:14:46] app.INFO: Module contactform has no vendor folder [] []
[2021-01-28 09:14:49] app.INFO: Protect vendor folder in module dashactivity [] []
[2021-01-28 09:14:49] app.INFO: Module dashactivity has no vendor folder [] []
[2021-01-28 09:14:51] app.INFO: Protect vendor folder in module dashtrends [] []
[2021-01-28 09:14:51] app.INFO: Module dashtrends has no vendor folder [] []
[2021-01-28 09:14:56] app.INFO: Protect vendor folder in module dashgoals [] []
[2021-01-28 09:14:56] app.INFO: Module dashgoals has no vendor folder [] []
[2021-01-28 09:14:58] app.INFO: Protect vendor folder in module dashproducts [] []
[2021-01-28 09:14:58] app.INFO: Module dashproducts has no vendor folder [] []
[2021-01-28 09:15:00] app.INFO: Protect vendor folder in module graphnvd3 [] []
[2021-01-28 09:15:00] app.INFO: Module graphnvd3 has no vendor folder [] []
[2021-01-28 09:15:02] app.INFO: Protect vendor folder in module gridhtml [] []
[2021-01-28 09:15:02] app.INFO: Module gridhtml has no vendor folder [] []
[2021-01-28 09:15:04] app.INFO: Protect vendor folder in module gsitemap [] []
[2021-01-28 09:15:04] app.INFO: Module gsitemap has no vendor folder [] []
[2021-01-28 09:15:07] app.INFO: Protect vendor folder in module ps_banner [] []
[2021-01-28 09:15:07] app.INFO: Module ps_banner has no vendor folder [] []
[2021-01-28 09:15:09] app.INFO: Protect vendor folder in module ps_categorytree [] []
[2021-01-28 09:15:09] app.INFO: Module ps_categorytree has no vendor folder [] []
[2021-01-28 09:15:13] app.INFO: Protect vendor folder in module ps_checkpayment [] []
[2021-01-28 09:15:13] app.INFO: Module ps_checkpayment has no vendor folder [] []
[2021-01-28 09:15:14] app.INFO: Protect vendor folder in module ps_contactinfo [] []
[2021-01-28 09:15:14] app.INFO: Module ps_contactinfo has no vendor folder [] []
[2021-01-28 09:15:17] app.INFO: Protect vendor folder in module ps_currencyselector [] []
[2021-01-28 09:15:17] app.INFO: Module ps_currencyselector has no vendor folder [] []
[2021-01-28 09:15:19] app.INFO: Protect vendor folder in module ps_customeraccountlinks [] []
[2021-01-28 09:15:19] app.INFO: Module ps_customeraccountlinks has no vendor folder [] []
[2021-01-28 09:15:21] app.INFO: Protect vendor folder in module ps_customersignin [] []
[2021-01-28 09:15:21] app.INFO: Module ps_customersignin has no vendor folder [] []
[2021-01-28 09:15:25] app.INFO: Protect vendor folder in module ps_customtext [] []
[2021-01-28 09:15:25] app.INFO: Module ps_customtext has no vendor folder [] []
[2021-01-28 09:15:32] app.INFO: Protect vendor folder in module ps_emailsubscription [] []
[2021-01-28 09:15:32] app.INFO: Module ps_emailsubscription has no vendor folder [] []
[2021-01-28 09:15:51] app.INFO: Protect vendor folder in module ps_facetedsearch [] []
[2021-01-28 09:15:51] app.INFO: Module ps_facetedsearch has no vendor folder [] []
[2021-01-28 09:15:57] app.INFO: Protect vendor folder in module ps_faviconnotificationbo [] []
[2021-01-28 09:15:57] app.INFO: Module ps_faviconnotificationbo has no vendor folder [] []
[2021-01-28 09:16:01] app.INFO: Protect vendor folder in module ps_featuredproducts [] []
[2021-01-28 09:16:01] app.INFO: Module ps_featuredproducts has no vendor folder [] []
[2021-01-28 09:16:07] app.INFO: Protect vendor folder in module ps_imageslider [] []
[2021-01-28 09:16:07] app.INFO: Module ps_imageslider has no vendor folder [] []
[2021-01-28 09:16:08] app.INFO: Protect vendor folder in module ps_languageselector [] []
[2021-01-28 09:16:08] app.INFO: Module ps_languageselector has no vendor folder [] []
[2021-01-28 09:16:15] app.INFO: Protect vendor folder in module ps_linklist [] []
[2021-01-28 09:16:15] app.INFO: Module ps_linklist has no vendor folder [] []
[2021-01-28 09:16:15] app.ERROR: Class "AdminLinkWidgetController" not found in controllers/admin [] []
[2021-01-28 09:16:22] app.INFO: Protect vendor folder in module ps_mainmenu [] []
[2021-01-28 09:16:23] app.INFO: Module ps_mainmenu has no vendor folder [] []
[2021-01-28 09:16:25] app.INFO: Protect vendor folder in module ps_searchbar [] []
[2021-01-28 09:16:25] app.INFO: Module ps_searchbar has no vendor folder [] []
[2021-01-28 09:16:27] app.INFO: Protect vendor folder in module ps_sharebuttons [] []
[2021-01-28 09:16:27] app.INFO: Module ps_sharebuttons has no vendor folder [] []
[2021-01-28 09:16:29] app.INFO: Protect vendor folder in module ps_shoppingcart [] []
[2021-01-28 09:16:29] app.INFO: Module ps_shoppingcart has no vendor folder [] []
[2021-01-28 09:16:32] app.INFO: Protect vendor folder in module ps_socialfollow [] []
[2021-01-28 09:16:32] app.INFO: Module ps_socialfollow has no vendor folder [] []
[2021-01-28 09:16:37] app.INFO: Protect vendor folder in module ps_themecusto [] []
[2021-01-28 09:16:37] app.INFO: Module ps_themecusto has no vendor folder [] []
[2021-01-28 09:16:43] app.INFO: Protect vendor folder in module ps_wirepayment [] []
[2021-01-28 09:16:43] app.INFO: Module ps_wirepayment has no vendor folder [] []
[2021-01-28 09:16:45] app.INFO: Protect vendor folder in module pagesnotfound [] []
[2021-01-28 09:16:45] app.INFO: Module pagesnotfound has no vendor folder [] []
[2021-01-28 09:16:49] app.INFO: Protect vendor folder in module sekeywords [] []
[2021-01-28 09:16:49] app.INFO: Module sekeywords has no vendor folder [] []
[2021-01-28 09:16:50] app.INFO: Protect vendor folder in module statsbestcategories [] []
[2021-01-28 09:16:50] app.INFO: Module statsbestcategories has no vendor folder [] []
[2021-01-28 09:16:51] app.INFO: Protect vendor folder in module statsbestcustomers [] []
[2021-01-28 09:16:51] app.INFO: Module statsbestcustomers has no vendor folder [] []
[2021-01-28 09:16:54] app.INFO: Protect vendor folder in module statsbestproducts [] []
[2021-01-28 09:16:54] app.INFO: Module statsbestproducts has no vendor folder [] []
[2021-01-28 09:16:55] app.INFO: Protect vendor folder in module statsbestsuppliers [] []
[2021-01-28 09:16:55] app.INFO: Module statsbestsuppliers has no vendor folder [] []
[2021-01-28 09:16:57] app.INFO: Protect vendor folder in module statsbestvouchers [] []
[2021-01-28 09:16:57] app.INFO: Module statsbestvouchers has no vendor folder [] []
[2021-01-28 09:16:59] app.INFO: Protect vendor folder in module statscarrier [] []
[2021-01-28 09:16:59] app.INFO: Module statscarrier has no vendor folder [] []
[2021-01-28 09:17:01] app.INFO: Protect vendor folder in module statscatalog [] []
[2021-01-28 09:17:01] app.INFO: Module statscatalog has no vendor folder [] []
[2021-01-28 09:17:02] app.INFO: Protect vendor folder in module statscheckup [] []
[2021-01-28 09:17:02] app.INFO: Module statscheckup has no vendor folder [] []
[2021-01-28 09:17:04] app.INFO: Protect vendor folder in module statsdata [] []
[2021-01-28 09:17:04] app.INFO: Module statsdata has no vendor folder [] []
[2021-01-28 09:17:05] app.INFO: Protect vendor folder in module statsequipment [] []
[2021-01-28 09:17:05] app.INFO: Module statsequipment has no vendor folder [] []
[2021-01-28 09:17:06] app.INFO: Protect vendor folder in module statsforecast [] []
[2021-01-28 09:17:07] app.INFO: Module statsforecast has no vendor folder [] []
[2021-01-28 09:17:08] app.INFO: Protect vendor folder in module statslive [] []
[2021-01-28 09:17:08] app.INFO: Module statslive has no vendor folder [] []
[2021-01-28 09:17:10] app.INFO: Protect vendor folder in module statsnewsletter [] []
[2021-01-28 09:17:10] app.INFO: Module statsnewsletter has no vendor folder [] []
[2021-01-28 09:17:12] app.INFO: Protect vendor folder in module statsorigin [] []
[2021-01-28 09:17:12] app.INFO: Module statsorigin has no vendor folder [] []
[2021-01-28 09:17:15] app.INFO: Protect vendor folder in module statspersonalinfos [] []
[2021-01-28 09:17:15] app.INFO: Module statspersonalinfos has no vendor folder [] []
[2021-01-28 09:17:17] app.INFO: Protect vendor folder in module statsproduct [] []
[2021-01-28 09:17:17] app.INFO: Module statsproduct has no vendor folder [] []
[2021-01-28 09:17:18] app.INFO: Protect vendor folder in module statsregistrations [] []
[2021-01-28 09:17:18] app.INFO: Module statsregistrations has no vendor folder [] []
[2021-01-28 09:17:20] app.INFO: Protect vendor folder in module statssales [] []
[2021-01-28 09:17:20] app.INFO: Module statssales has no vendor folder [] []
[2021-01-28 09:17:22] app.INFO: Protect vendor folder in module statssearch [] []
[2021-01-28 09:17:22] app.INFO: Module statssearch has no vendor folder [] []
[2021-01-28 09:17:23] app.INFO: Protect vendor folder in module statsstock [] []
[2021-01-28 09:17:24] app.INFO: Module statsstock has no vendor folder [] []
[2021-01-28 09:17:24] app.INFO: Protect vendor folder in module statsvisits [] []
[2021-01-28 09:17:25] app.INFO: Module statsvisits has no vendor folder [] []
[2021-01-28 09:17:28] app.INFO: Protect vendor folder in module welcome [] []
[2021-01-28 09:17:50] app.INFO: Exporting mail with theme modern for language Français (French) [] []
[2021-01-28 09:17:51] app.INFO: Core output folder: C:\xampp\htdocs\dclean/mails [] []
[2021-01-28 09:17:51] app.INFO: Modules output folder: C:\xampp\htdocs\dclean/modules/ [] []
[2021-01-28 09:18:15] app.INFO: Exporting mail with theme modern for language ‫العربية (Arabic) [] []
[2021-01-28 09:18:15] app.INFO: Core output folder: C:\xampp\htdocs\dclean/mails [] []
[2021-01-28 09:18:15] app.INFO: Modules output folder: C:\xampp\htdocs\dclean/modules/ [] []
[2021-01-28 09:22:25] app.ERROR: Data from PrestaShop Addons is invalid, and cannot fallback on cache.  {"exception":"cURL error 28: Operation timed out after 5000 milliseconds with 595811 bytes received"} []
[2021-01-28 09:22:55] app.INFO: Protect vendor folder in module ps_facetedsearch [] []
[2021-01-28 09:22:55] app.INFO: Module ps_facetedsearch has no vendor folder [] []
[2021-01-28 09:28:49] request.CRITICAL: Uncaught PHP Exception Symfony\Component\Debug\Exception\FatalErrorException: "Error: Maximum execution time of 120 seconds exceeded" at C:\xampp\htdocs\dclean\classes\db\DbPDO.php line 156 {"exception":"[object] (Symfony\\Component\\Debug\\Exception\\FatalErrorException(code: 0): Error: Maximum execution time of 120 seconds exceeded at C:\\xampp\\htdocs\\dclean\\classes\\db\\DbPDO.php:156)"} []
[2021-01-28 09:26:49] request.INFO: Matched route "admin_common_notifications". {"route":"admin_common_notifications","route_parameters":{"_controller":"PrestaShopBundle\\Controller\\Admin\\CommonController::notificationsAction","_legacy_controller":"AdminCommon","_legacy_link":"AdminCommon","_route":"admin_common_notifications"},"request_uri":"http://localhost/dclean/admin684oh3yhz/index.php/common/notifications?_token=RGlLpM8O1O7dODzhYzexVxKBjkJndh0TlsKtm0NKUNM&rand=1611822409195","method":"POST"} []
[2021-01-28 09:28:53] request.CRITICAL: Uncaught PHP Exception Symfony\Component\Debug\Exception\FatalErrorException: "Error: Maximum execution time of 120 seconds exceeded" at C:\xampp\htdocs\dclean\vendor\symfony\symfony\src\Symfony\Component\HttpFoundation\Session\Storage\Handler\StrictSessionHandler.php line 48 {"exception":"[object] (Symfony\\Component\\Debug\\Exception\\FatalErrorException(code: 0): Error: Maximum execution time of 120 seconds exceeded at C:\\xampp\\htdocs\\dclean\\vendor\\symfony\\symfony\\src\\Symfony\\Component\\HttpFoundation\\Session\\Storage\\Handler\\StrictSessionHandler.php:48)"} []
[2021-01-28 09:28:53] security.DEBUG: Stored the security token in the session. {"key":"_security_main"} []
[2021-01-28 09:31:16] request.INFO: Matched route "admin_themes_import". {"route":"admin_themes_import","route_parameters":{"_controller":"PrestaShopBundle\\Controller\\Admin\\Improve\\Design\\ThemeController::importAction","_legacy_controller":"AdminThemes","_legacy_link":"AdminThemes:importtheme","_route":"admin_themes_import"},"request_uri":"http://localhost/dclean/admin684oh3yhz/index.php/improve/design/themes/import?_token=XcKzVx6qZj_sMDrhE9J33VwJVYykdYERDtFvNygt02w","method":"POST"} []
[2021-01-28 09:31:16] security.DEBUG: Read existing security token from the session. {"key":"_security_main","token_class":"Symfony\\Component\\Security\\Core\\Authentication\\Token\\UsernamePasswordToken"} []
[2021-01-28 09:31:16] security.DEBUG: User was reloaded from a user provider. {"provider":"PrestaShopBundle\\Security\\Admin\\EmployeeProvider","username":"amanikh@esftunisie.com"} []
[2021-01-28 09:31:37] app.ERROR: You must specify as many arguments (%d, %s ...) as the original string. [] []
[2021-01-28 09:31:38] security.DEBUG: Stored the security token in the session. {"key":"_security_main"} []
[2021-01-28 09:34:27] request.INFO: Matched route "admin_themes_enable". {"route":"admin_themes_enable","route_parameters":{"_controller":"PrestaShopBundle\\Controller\\Admin\\Improve\\Design\\ThemeController::enableAction","_legacy_controller":"AdminThemes","_legacy_link":"AdminThemes:enableTheme","_legacy_parameters":{"theme_name":"themeName"},"themeName":"theme_ecolife_autopart1","_route":"admin_themes_enable"},"request_uri":"http://localhost/dclean/admin684oh3yhz/index.php/improve/design/themes/theme_ecolife_autopart1/enable?_token=XcKzVx6qZj_sMDrhE9J33VwJVYykdYERDtFvNygt02w","method":"POST"} []
[2021-01-28 09:34:27] security.DEBUG: Read existing security token from the session. {"key":"_security_main","token_class":"Symfony\\Component\\Security\\Core\\Authentication\\Token\\UsernamePasswordToken"} []
[2021-01-28 09:34:27] security.DEBUG: User was reloaded from a user provider. {"provider":"PrestaShopBundle\\Security\\Admin\\EmployeeProvider","username":"amanikh@esftunisie.com"} []
[2021-01-28 09:34:33] app.INFO: Protect vendor folder in module ps_advertising [] []
[2021-01-28 09:34:37] app.INFO: Protect vendor folder in module ps_categoryproducts [] []
[2021-01-28 09:34:41] app.INFO: Protect vendor folder in module blocktags [] []
[2021-01-28 09:34:42] app.INFO: Module blocktags has no vendor folder [] []
[2021-01-28 09:34:49] app.INFO: Protect vendor folder in module blockwishlist [] []
[2021-01-28 09:34:49] app.INFO: Module blockwishlist has no vendor folder [] []
[2021-01-28 09:34:54] app.INFO: Protect vendor folder in module poscompare [] []
[2021-01-28 09:34:54] app.INFO: Module poscompare has no vendor folder [] []
[2021-01-28 09:35:04] app.INFO: Protect vendor folder in module productcomments [] []
[2021-01-28 09:35:04] app.INFO: Module productcomments has no vendor folder [] []
[2021-01-28 09:35:11] app.INFO: Protect vendor folder in module posrotatorimg [] []
[2021-01-28 09:35:11] app.INFO: Module posrotatorimg has no vendor folder [] []
[2021-01-28 09:35:16] app.INFO: Protect vendor folder in module possearchproducts [] []
[2021-01-28 09:35:16] app.INFO: Module possearchproducts has no vendor folder [] []
[2021-01-28 09:35:22] app.INFO: Protect vendor folder in module posthemeoptions [] []
[2021-01-28 09:35:22] app.INFO: Module posthemeoptions has no vendor folder [] []
[2021-01-28 09:35:32] app.INFO: Protect vendor folder in module posmegamenu [] []
[2021-01-28 09:35:32] app.INFO: Module posmegamenu has no vendor folder [] []
[2021-01-28 09:35:47] app.INFO: Protect vendor folder in module posvegamenu [] []
[2021-01-28 09:35:47] app.INFO: Module posvegamenu has no vendor folder [] []
[2021-01-28 09:35:57] app.INFO: Protect vendor folder in module posslideshows [] []
[2021-01-28 09:35:58] app.INFO: Module posslideshows has no vendor folder [] []
[2021-01-28 09:36:07] app.INFO: Protect vendor folder in module posstaticblocks [] []
[2021-01-28 09:36:07] app.INFO: Module posstaticblocks has no vendor folder [] []
[2021-01-28 09:36:16] app.INFO: Protect vendor folder in module posstaticfooter [] []
[2021-01-28 09:36:16] app.INFO: Module posstaticfooter has no vendor folder [] []
[2021-01-28 09:36:26] request.CRITICAL: Uncaught PHP Exception Symfony\Component\Debug\Exception\FatalErrorException: "Error: Maximum execution time of 120 seconds exceeded" at C:\xampp\htdocs\dclean\classes\db\DbPDO.php line 156 {"exception":"[object] (Symfony\\Component\\Debug\\Exception\\FatalErrorException(code: 0): Error: Maximum execution time of 120 seconds exceeded at C:\\xampp\\htdocs\\dclean\\classes\\db\\DbPDO.php:156)"} []
[2021-01-28 09:36:26] security.DEBUG: Stored the security token in the session. {"key":"_security_main"} []
[2021-01-28 09:38:37] request.CRITICAL: Uncaught PHP Exception SmartyException: "unable to write file C:\xampp\htdocs\dclean\var\cache\prod\smarty\compile\5b\25\22\5b252291029e48f660de24d531445f295a08f36e_0.file.displayBackOfficeHeader.tpl.php" at C:\xampp\htdocs\dclean\vendor\smarty\smarty\libs\sysplugins\smarty_internal_runtime_writefile.php line 90 {"exception":"[object] (SmartyException(code: 0): unable to write file C:\\xampp\\htdocs\\dclean\\var\\cache\\prod\\smarty\\compile\\5b\\25\\22\\5b252291029e48f660de24d531445f295a08f36e_0.file.displayBackOfficeHeader.tpl.php at C:\\xampp\\htdocs\\dclean\\vendor\\smarty\\smarty\\libs\\sysplugins\\smarty_internal_runtime_writefile.php:90)"} []
[2021-01-28 10:21:39] request.CRITICAL: Uncaught PHP Exception SmartyException: "unable to write file C:\xampp\htdocs\dclean\var\cache\prod\smarty\cache\ps_linklist\displayBackOfficeHeader\210\75\a6\79\75a6799d9a9c8e1a6b5e1fbb365fd5c8b167ae2f.posstaticblocksviewstempl.php" at C:\xampp\htdocs\dclean\vendor\smarty\smarty\libs\sysplugins\smarty_internal_runtime_writefile.php line 90 {"exception":"[object] (SmartyException(code: 0): unable to write file C:\\xampp\\htdocs\\dclean\\var\\cache\\prod\\smarty\\cache\\ps_linklist\\displayBackOfficeHeader\\210\\75\\a6\\79\\75a6799d9a9c8e1a6b5e1fbb365fd5c8b167ae2f.posstaticblocksviewstempl.php at C:\\xampp\\htdocs\\dclean\\vendor\\smarty\\smarty\\libs\\sysplugins\\smarty_internal_runtime_writefile.php:90)"} []
[2021-01-28 10:21:39] request.CRITICAL: Uncaught PHP Exception SmartyException: "unable to write file C:\xampp\htdocs\dclean\var\cache\prod\smarty\compile\8a\d0\fc\8ad0fc6c21ac44bfc78676e44e9de901f58f6998_0.file.login_addons.tpl.php" at C:\xampp\htdocs\dclean\vendor\smarty\smarty\libs\sysplugins\smarty_internal_runtime_writefile.php line 90 {"exception":"[object] (SmartyException(code: 0): unable to write file C:\\xampp\\htdocs\\dclean\\var\\cache\\prod\\smarty\\compile\\8a\\d0\\fc\\8ad0fc6c21ac44bfc78676e44e9de901f58f6998_0.file.login_addons.tpl.php at C:\\xampp\\htdocs\\dclean\\vendor\\smarty\\smarty\\libs\\sysplugins\\smarty_internal_runtime_writefile.php:90)"} []
